0
C:\Users\Watch Dogs\Anaconda3\lib\site-packages\whois\__init__.py:84: size=857 KiB (+857 KiB), count=8070 (+8070), average=109 B
C:\Users\Watch Dogs\Anaconda3\lib\site-packages\bs4\element.py:1104: size=328 KiB (+328 KiB), count=2891 (+2891), average=116 B
C:\Users\Watch Dogs\Anaconda3\lib\site-packages\bs4\__init__.py:703: size=275 KiB (+275 KiB), count=2708 (+2708), average=104 B
C:\Users\Watch Dogs\Anaconda3\lib\site-packages\bs4\element.py:899: size=268 KiB (+268 KiB), count=4154 (+4154), average=66 B
C:\Users\Watch Dogs\Anaconda3\lib\site-packages\bs4\builder\__init__.py:310: size=219 KiB (+219 KiB), count=4333 (+4333), average=52 B
C:\Users\Watch Dogs\Anaconda3\lib\site-packages\bs4\element.py:177: size=211 KiB (+211 KiB), count=4152 (+4152), average=52 B
C:\Users\Watch Dogs\Anaconda3\lib\html\parser.py:327: size=168 KiB (+168 KiB), count=3066 (+3066), average=56 B
C:\Users\Watch Dogs\Anaconda3\lib\html\parser.py:324: size=159 KiB (+159 KiB), count=2139 (+2139), average=76 B
C:\Users\Watch Dogs\Anaconda3\lib\site-packages\bs4\builder\_htmlparser.py:129: size=84.1 KiB (+84.1 KiB), count=1346 (+1346), average=64 B
C:\Users\Watch Dogs\Anaconda3\lib\site-packages\bs4\element.py:1132: size=79.0 KiB (+79.0 KiB), count=1444 (+1444), average=56 B
0
1
C:\Users\Watch Dogs\Anaconda3\lib\site-packages\bs4\element.py:1104: size=654 KiB (+327 KiB), count=5775 (+2884), average=116 B
C:\Users\Watch Dogs\Anaconda3\lib\site-packages\bs4\__init__.py:703: size=552 KiB (+277 KiB), count=5424 (+2718), average=104 B
C:\Users\Watch Dogs\Anaconda3\lib\site-packages\bs4\element.py:899: size=535 KiB (+267 KiB), count=8286 (+4134), average=66 B
C:\Users\Watch Dogs\Anaconda3\lib\site-packages\bs4\builder\__init__.py:310: size=440 KiB (+221 KiB), count=8691 (+4358), average=52 B
C:\Users\Watch Dogs\Anaconda3\lib\site-packages\bs4\element.py:177: size=421 KiB (+210 KiB), count=8285 (+4133), average=52 B
C:\Users\Watch Dogs\Anaconda3\lib\html\parser.py:327: size=334 KiB (+167 KiB), count=6116 (+3060), average=56 B
C:\Users\Watch Dogs\Anaconda3\lib\html\parser.py:324: size=318 KiB (+159 KiB), count=4277 (+2138), average=76 B
C:\Users\Watch Dogs\Anaconda3\lib\site-packages\bs4\builder\_htmlparser.py:129: size=168 KiB (+83.8 KiB), count=2687 (+1341), average=64 B
C:\Users\Watch Dogs\Anaconda3\lib\site-packages\bs4\element.py:1132: size=158 KiB (+78.9 KiB), count=2887 (+1443), average=56 B
C:\Users\Watch Dogs\Anaconda3\lib\html\parser.py:314: size=146 KiB (+72.7 KiB), count=2889 (+1442), average=52 B
0
2
C:\Users\Watch Dogs\Anaconda3\lib\site-packages\bs4\element.py:1104: size=653 KiB (+327 KiB), count=5768 (+2884), average=116 B
C:\Users\Watch Dogs\Anaconda3\lib\site-packages\bs4\__init__.py:703: size=554 KiB (+277 KiB), count=5435 (+2718), average=104 B
C:\Users\Watch Dogs\Anaconda3\lib\site-packages\bs4\element.py:899: size=533 KiB (+267 KiB), count=8268 (+4134), average=66 B
C:\Users\Watch Dogs\Anaconda3\lib\site-packages\bs4\builder\__init__.py:310: size=441 KiB (+221 KiB), count=8716 (+4358), average=52 B
C:\Users\Watch Dogs\Anaconda3\lib\site-packages\bs4\element.py:177: size=420 KiB (+210 KiB), count=8267 (+4134), average=52 B
C:\Users\Watch Dogs\Anaconda3\lib\html\parser.py:327: size=334 KiB (+167 KiB), count=6102 (+3051), average=56 B
C:\Users\Watch Dogs\Anaconda3\lib\html\parser.py:324: size=318 KiB (+159 KiB), count=4276 (+2138), average=76 B
C:\Users\Watch Dogs\Anaconda3\lib\site-packages\bs4\builder\_htmlparser.py:129: size=168 KiB (+83.9 KiB), count=2683 (+1342), average=64 B
C:\Users\Watch Dogs\Anaconda3\lib\site-packages\bs4\element.py:1132: size=158 KiB (+78.9 KiB), count=2886 (+1443), average=56 B
C:\Users\Watch Dogs\Anaconda3\lib\html\parser.py:314: size=145 KiB (+72.7 KiB), count=2884 (+1442), average=52 B
0
3
C:\Users\Watch Dogs\Anaconda3\lib\site-packages\bs4\element.py:1104: size=653 KiB (+327 KiB), count=5768 (+2884), average=116 B
C:\Users\Watch Dogs\Anaconda3\lib\site-packages\bs4\__init__.py:703: size=554 KiB (+277 KiB), count=5435 (+2718), average=104 B
C:\Users\Watch Dogs\Anaconda3\lib\site-packages\bs4\element.py:899: size=533 KiB (+267 KiB), count=8268 (+4134), average=66 B
C:\Users\Watch Dogs\Anaconda3\lib\site-packages\bs4\builder\__init__.py:310: size=441 KiB (+221 KiB), count=8716 (+4358), average=52 B
C:\Users\Watch Dogs\Anaconda3\lib\site-packages\bs4\element.py:177: size=420 KiB (+210 KiB), count=8268 (+4134), average=52 B
C:\Users\Watch Dogs\Anaconda3\lib\html\parser.py:327: size=334 KiB (+167 KiB), count=6103 (+3052), average=56 B
C:\Users\Watch Dogs\Anaconda3\lib\html\parser.py:324: size=318 KiB (+159 KiB), count=4277 (+2139), average=76 B
C:\Users\Watch Dogs\Anaconda3\lib\site-packages\bs4\builder\_htmlparser.py:129: size=168 KiB (+83.9 KiB), count=2684 (+1342), average=64 B
C:\Users\Watch Dogs\Anaconda3\lib\site-packages\bs4\element.py:1132: size=158 KiB (+78.9 KiB), count=2886 (+1443), average=56 B
C:\Users\Watch Dogs\Anaconda3\lib\html\parser.py:314: size=145 KiB (+72.7 KiB), count=2884 (+1442), average=52 B
0
4
C:\Users\Watch Dogs\Anaconda3\lib\site-packages\bs4\element.py:1104: size=655 KiB (+328 KiB), count=5778 (+2894), average=116 B
C:\Users\Watch Dogs\Anaconda3\lib\site-packages\bs4\__init__.py:703: size=555 KiB (+278 KiB), count=5444 (+2727), average=104 B
C:\Users\Watch Dogs\Anaconda3\lib\site-packages\bs4\element.py:899: size=534 KiB (+268 KiB), count=8286 (+4152), average=66 B
C:\Users\Watch Dogs\Anaconda3\lib\site-packages\bs4\builder\__init__.py:310: size=442 KiB (+222 KiB), count=8734 (+4376), average=52 B
C:\Users\Watch Dogs\Anaconda3\lib\site-packages\bs4\element.py:177: size=421 KiB (+211 KiB), count=8286 (+4152), average=52 B
C:\Users\Watch Dogs\Anaconda3\lib\html\parser.py:327: size=334 KiB (+167 KiB), count=6108 (+3057), average=56 B
C:\Users\Watch Dogs\Anaconda3\lib\html\parser.py:324: size=318 KiB (+159 KiB), count=4279 (+2140), average=76 B
C:\Users\Watch Dogs\Anaconda3\lib\site-packages\bs4\builder\_htmlparser.py:129: size=168 KiB (+84.1 KiB), count=2688 (+1346), average=64 B
C:\Users\Watch Dogs\Anaconda3\lib\site-packages\bs4\element.py:1132: size=158 KiB (+79.2 KiB), count=2891 (+1448), average=56 B
C:\Users\Watch Dogs\Anaconda3\lib\html\parser.py:314: size=146 KiB (+73.0 KiB), count=2889 (+1447), average=52 B
0
