[38;21m[INFO] 2021-07-29 20:40:19,140: cld C:\Users\Watch Dogs\Anaconda3\lib\site-packages\whois\__init__.py:84: size=857 KiB (+857 KiB), count=8070 (+8070), average=109 B)[0m
[38;21m[INFO] 2021-07-29 20:40:19,141: cld C:\Users\Watch Dogs\Anaconda3\lib\site-packages\requests\models.py:829: size=712 KiB (+712 KiB), count=6 (+6), average=119 KiB)[0m
[38;21m[INFO] 2021-07-29 20:40:19,141: cld C:\Users\Watch Dogs\Anaconda3\lib\csv.py:154: size=130 KiB (+130 KiB), count=8 (+8), average=16.2 KiB)[0m
[38;21m[INFO] 2021-07-29 20:40:19,141: cld C:\Users\Watch Dogs\Anaconda3\lib\site-packages\requests\structures.py:51: size=82.9 KiB (+82.9 KiB), count=1274 (+1274), average=67 B)[0m
[38;21m[INFO] 2021-07-29 20:40:19,142: cld C:\Users\Watch Dogs\Anaconda3\lib\site-packages\urllib3\response.py:86: size=64.0 KiB (+64.0 KiB), count=2 (+2), average=32.0 KiB)[0m
[38;21m[INFO] 2021-07-29 20:40:19,142: cld C:\Users\Watch Dogs\Anaconda3\lib\threading.py:244: size=33.0 KiB (+33.0 KiB), count=140 (+140), average=241 B)[0m
[38;21m[INFO] 2021-07-29 20:40:19,142: cld C:\Users\Watch Dogs\Anaconda3\lib\socket.py:333: size=24.7 KiB (+24.7 KiB), count=10 (+10), average=2532 B)[0m
[38;21m[INFO] 2021-07-29 20:40:19,142: cld C:\Users\Watch Dogs\Anaconda3\lib\site-packages\requests\structures.py:43: size=24.7 KiB (+24.7 KiB), count=266 (+266), average=95 B)[0m
[38;21m[INFO] 2021-07-29 20:40:19,142: cld C:\Users\Watch Dogs\Anaconda3\lib\email\_policybase.py:303: size=23.8 KiB (+23.8 KiB), count=282 (+282), average=86 B)[0m
[38;21m[INFO] 2021-07-29 20:40:19,142: cld C:\Users\Watch Dogs\Anaconda3\lib\site-packages\urllib3\_collections.py:226: size=23.1 KiB (+23.1 KiB), count=325 (+325), average=73 B)[0m
[38;21m[INFO] 2021-07-29 20:40:20,553: cld C:\Users\Watch Dogs\Anaconda3\lib\site-packages\whois\__init__.py:84: size=857 KiB (+857 KiB), count=8069 (+8069), average=109 B)[0m
[38;21m[INFO] 2021-07-29 20:40:20,553: cld C:\Users\Watch Dogs\Anaconda3\lib\site-packages\requests\models.py:829: size=660 KiB (+660 KiB), count=5 (+5), average=132 KiB)[0m
[38;21m[INFO] 2021-07-29 20:40:20,553: cld C:\Users\Watch Dogs\Anaconda3\lib\csv.py:154: size=130 KiB (+130 KiB), count=9 (+9), average=14.4 KiB)[0m
[38;21m[INFO] 2021-07-29 20:40:20,560: cld C:\Users\Watch Dogs\Anaconda3\lib\site-packages\requests\structures.py:51: size=84.0 KiB (+84.0 KiB), count=1291 (+1291), average=67 B)[0m
[38;21m[INFO] 2021-07-29 20:40:20,560: cld C:\Users\Watch Dogs\Anaconda3\lib\site-packages\urllib3\response.py:86: size=64.0 KiB (+64.0 KiB), count=2 (+2), average=32.0 KiB)[0m
[38;21m[INFO] 2021-07-29 20:40:20,560: cld C:\Users\Watch Dogs\Anaconda3\lib\tracemalloc.py:111: size=48.4 KiB (+48.4 KiB), count=619 (+619), average=80 B)[0m
[38;21m[INFO] 2021-07-29 20:40:20,560: cld C:\Users\Watch Dogs\Anaconda3\lib\tracemalloc.py:125: size=45.5 KiB (+45.5 KiB), count=647 (+647), average=72 B)[0m
[38;21m[INFO] 2021-07-29 20:40:20,560: cld C:\Users\Watch Dogs\Anaconda3\lib\sre_compile.py:780: size=37.3 KiB (+37.3 KiB), count=85 (+85), average=450 B)[0m
[38;21m[INFO] 2021-07-29 20:40:20,560: cld C:\Users\Watch Dogs\Anaconda3\lib\threading.py:244: size=31.1 KiB (+31.1 KiB), count=134 (+134), average=238 B)[0m
[38;21m[INFO] 2021-07-29 20:40:20,560: cld C:\Users\Watch Dogs\Anaconda3\lib\tracemalloc.py:185: size=30.4 KiB (+30.4 KiB), count=648 (+648), average=48 B)[0m
[38;21m[INFO] 2021-07-29 20:40:20,614: cld C:\Users\Watch Dogs\Anaconda3\lib\site-packages\whois\__init__.py:84: size=857 KiB (+857 KiB), count=8069 (+8069), average=109 B)[0m
[38;21m[INFO] 2021-07-29 20:40:20,615: cld C:\Users\Watch Dogs\Anaconda3\lib\site-packages\requests\models.py:829: size=660 KiB (+660 KiB), count=5 (+5), average=132 KiB)[0m
[38;21m[INFO] 2021-07-29 20:40:20,615: cld C:\Users\Watch Dogs\Anaconda3\lib\csv.py:154: size=130 KiB (+130 KiB), count=11 (+11), average=11.8 KiB)[0m
[38;21m[INFO] 2021-07-29 20:40:20,615: cld C:\Users\Watch Dogs\Anaconda3\lib\site-packages\requests\structures.py:51: size=81.8 KiB (+81.8 KiB), count=1257 (+1257), average=67 B)[0m
[38;21m[INFO] 2021-07-29 20:40:20,615: cld C:\Users\Watch Dogs\Anaconda3\lib\tracemalloc.py:111: size=73.5 KiB (+73.5 KiB), count=941 (+941), average=80 B)[0m
[38;21m[INFO] 2021-07-29 20:40:20,615: cld C:\Users\Watch Dogs\Anaconda3\lib\tracemalloc.py:125: size=66.3 KiB (+66.3 KiB), count=943 (+943), average=72 B)[0m
[38;21m[INFO] 2021-07-29 20:40:20,615: cld C:\Users\Watch Dogs\Anaconda3\lib\site-packages\urllib3\response.py:86: size=64.0 KiB (+64.0 KiB), count=2 (+2), average=32.0 KiB)[0m
[38;21m[INFO] 2021-07-29 20:40:20,616: cld C:\Users\Watch Dogs\Anaconda3\lib\tracemalloc.py:185: size=49.2 KiB (+49.2 KiB), count=1050 (+1050), average=48 B)[0m
[38;21m[INFO] 2021-07-29 20:40:20,616: cld C:\Users\Watch Dogs\Anaconda3\lib\tracemalloc.py:472: size=37.3 KiB (+37.3 KiB), count=946 (+946), average=40 B)[0m
[38;21m[INFO] 2021-07-29 20:40:20,616: cld C:\Users\Watch Dogs\Anaconda3\lib\sre_compile.py:780: size=37.3 KiB (+37.3 KiB), count=85 (+85), average=450 B)[0m
[38;21m[INFO] 2021-07-29 20:40:20,865: cld C:\Users\Watch Dogs\Anaconda3\lib\site-packages\whois\__init__.py:84: size=857 KiB (+857 KiB), count=8069 (+8069), average=109 B)[0m
[38;21m[INFO] 2021-07-29 20:40:20,865: cld C:\Users\Watch Dogs\Anaconda3\lib\site-packages\requests\models.py:829: size=569 KiB (+569 KiB), count=8 (+8), average=71.1 KiB)[0m
[38;21m[INFO] 2021-07-29 20:40:20,866: cld C:\Users\Watch Dogs\Anaconda3\lib\re.py:241: size=197 KiB (+197 KiB), count=26 (+26), average=7775 B)[0m
[38;21m[INFO] 2021-07-29 20:40:20,866: cld C:\Users\Watch Dogs\Anaconda3\lib\site-packages\requests\models.py:862: size=181 KiB (+181 KiB), count=6 (+6), average=30.2 KiB)[0m
[38;21m[INFO] 2021-07-29 20:40:20,866: cld C:\Users\Watch Dogs\Anaconda3\lib\selectors.py:314: size=144 KiB (+144 KiB), count=3 (+3), average=48.0 KiB)[0m
[38;21m[INFO] 2021-07-29 20:40:20,866: cld C:\Users\Watch Dogs\Anaconda3\lib\csv.py:154: size=130 KiB (+130 KiB), count=12 (+12), average=10.8 KiB)[0m
[38;21m[INFO] 2021-07-29 20:40:20,866: cld C:\Users\Watch Dogs\Anaconda3\lib\site-packages\urllib3\response.py:86: size=96.0 KiB (+96.0 KiB), count=3 (+3), average=32.0 KiB)[0m
[38;21m[INFO] 2021-07-29 20:40:20,866: cld C:\Users\Watch Dogs\Anaconda3\lib\site-packages\requests\structures.py:51: size=77.7 KiB (+77.7 KiB), count=1196 (+1196), average=67 B)[0m
[38;21m[INFO] 2021-07-29 20:40:20,866: cld C:\Users\Watch Dogs\Anaconda3\lib\tracemalloc.py:111: size=73.9 KiB (+73.9 KiB), count=946 (+946), average=80 B)[0m
[38;21m[INFO] 2021-07-29 20:40:20,866: cld C:\Users\Watch Dogs\Anaconda3\lib\tracemalloc.py:125: size=66.7 KiB (+66.7 KiB), count=948 (+948), average=72 B)[0m
[38;21m[INFO] 2021-07-29 20:40:20,932: cld C:\Users\Watch Dogs\Anaconda3\lib\site-packages\whois\__init__.py:84: size=857 KiB (+857 KiB), count=8069 (+8069), average=109 B)[0m
[38;21m[INFO] 2021-07-29 20:40:20,933: cld C:\Users\Watch Dogs\Anaconda3\lib\site-packages\requests\models.py:829: size=479 KiB (+479 KiB), count=7 (+7), average=68.4 KiB)[0m
[38;21m[INFO] 2021-07-29 20:40:20,933: cld C:\Users\Watch Dogs\Anaconda3\lib\selectors.py:314: size=144 KiB (+144 KiB), count=3 (+3), average=48.0 KiB)[0m
[38;21m[INFO] 2021-07-29 20:40:20,933: cld C:\Users\Watch Dogs\Anaconda3\lib\csv.py:154: size=130 KiB (+130 KiB), count=13 (+13), average=10.0 KiB)[0m
[38;21m[INFO] 2021-07-29 20:40:20,934: cld C:\Users\Watch Dogs\Anaconda3\lib\tracemalloc.py:111: size=76.2 KiB (+76.2 KiB), count=976 (+976), average=80 B)[0m
[38;21m[INFO] 2021-07-29 20:40:20,934: cld C:\Users\Watch Dogs\Anaconda3\lib\site-packages\requests\structures.py:51: size=71.5 KiB (+71.5 KiB), count=1106 (+1106), average=66 B)[0m
[38;21m[INFO] 2021-07-29 20:40:20,934: cld C:\Users\Watch Dogs\Anaconda3\lib\tracemalloc.py:125: size=68.6 KiB (+68.6 KiB), count=976 (+976), average=72 B)[0m
[38;21m[INFO] 2021-07-29 20:40:20,934: cld C:\Users\Watch Dogs\Anaconda3\lib\site-packages\urllib3\response.py:86: size=64.0 KiB (+64.0 KiB), count=2 (+2), average=32.0 KiB)[0m
[38;21m[INFO] 2021-07-29 20:40:20,934: cld C:\Users\Watch Dogs\Anaconda3\lib\site-packages\urllib3\response.py:97: size=59.5 KiB (+59.5 KiB), count=6 (+6), average=10162 B)[0m
[38;21m[INFO] 2021-07-29 20:40:20,934: cld C:\Users\Watch Dogs\Anaconda3\lib\tracemalloc.py:472: size=38.6 KiB (+38.6 KiB), count=979 (+979), average=40 B)[0m
[38;21m[INFO] 2021-07-29 20:40:21,055: cld C:\Users\Watch Dogs\Anaconda3\lib\site-packages\whois\__init__.py:84: size=857 KiB (+857 KiB), count=8069 (+8069), average=109 B)[0m
[38;21m[INFO] 2021-07-29 20:40:21,056: cld C:\Users\Watch Dogs\Anaconda3\lib\site-packages\requests\models.py:829: size=298 KiB (+298 KiB), count=3 (+3), average=99.2 KiB)[0m
[38;21m[INFO] 2021-07-29 20:40:21,056: cld C:\Users\Watch Dogs\Anaconda3\lib\csv.py:154: size=130 KiB (+130 KiB), count=14 (+14), average=9543 B)[0m
[38;21m[INFO] 2021-07-29 20:40:21,056: cld C:\Users\Watch Dogs\Anaconda3\lib\tracemalloc.py:111: size=76.1 KiB (+76.1 KiB), count=974 (+974), average=80 B)[0m
[38;21m[INFO] 2021-07-29 20:40:21,056: cld C:\Users\Watch Dogs\Anaconda3\lib\tracemalloc.py:125: size=68.7 KiB (+68.7 KiB), count=977 (+977), average=72 B)[0m
[38;21m[INFO] 2021-07-29 20:40:21,056: cld C:\Users\Watch Dogs\Anaconda3\lib\site-packages\requests\structures.py:51: size=67.0 KiB (+67.0 KiB), count=1028 (+1028), average=67 B)[0m
[38;21m[INFO] 2021-07-29 20:40:21,056: cld C:\Users\Watch Dogs\Anaconda3\lib\site-packages\urllib3\response.py:86: size=64.0 KiB (+64.0 KiB), count=2 (+2), average=32.0 KiB)[0m
[38;21m[INFO] 2021-07-29 20:40:21,056: cld C:\Users\Watch Dogs\Anaconda3\lib\site-packages\urllib3\response.py:97: size=54.9 KiB (+54.9 KiB), count=5 (+5), average=11.0 KiB)[0m
[38;21m[INFO] 2021-07-29 20:40:21,056: cld C:\Users\Watch Dogs\Anaconda3\lib\tracemalloc.py:185: size=51.4 KiB (+51.4 KiB), count=1096 (+1096), average=48 B)[0m
[38;21m[INFO] 2021-07-29 20:40:21,056: cld C:\Users\Watch Dogs\Anaconda3\lib\tracemalloc.py:472: size=38.7 KiB (+38.7 KiB), count=980 (+980), average=40 B)[0m
[38;21m[INFO] 2021-07-29 20:40:21,483: cld C:\Users\Watch Dogs\Anaconda3\lib\site-packages\whois\__init__.py:84: size=857 KiB (+857 KiB), count=8069 (+8069), average=109 B)[0m
[38;21m[INFO] 2021-07-29 20:40:21,483: cld C:\Users\Watch Dogs\Anaconda3\lib\site-packages\requests\models.py:829: size=207 KiB (+207 KiB), count=2 (+2), average=104 KiB)[0m
[38;21m[INFO] 2021-07-29 20:40:21,483: cld C:\Users\Watch Dogs\Anaconda3\lib\csv.py:154: size=131 KiB (+131 KiB), count=15 (+15), average=8918 B)[0m
[38;21m[INFO] 2021-07-29 20:40:21,484: cld C:\Users\Watch Dogs\Anaconda3\lib\tracemalloc.py:111: size=75.6 KiB (+75.6 KiB), count=968 (+968), average=80 B)[0m
[38;21m[INFO] 2021-07-29 20:40:21,484: cld C:\Users\Watch Dogs\Anaconda3\lib\tracemalloc.py:125: size=68.1 KiB (+68.1 KiB), count=969 (+969), average=72 B)[0m
[38;21m[INFO] 2021-07-29 20:40:21,484: cld C:\Users\Watch Dogs\Anaconda3\lib\site-packages\urllib3\response.py:86: size=64.0 KiB (+64.0 KiB), count=2 (+2), average=32.0 KiB)[0m
[38;21m[INFO] 2021-07-29 20:40:21,484: cld C:\Users\Watch Dogs\Anaconda3\lib\site-packages\requests\structures.py:51: size=56.9 KiB (+56.9 KiB), count=880 (+880), average=66 B)[0m
[38;21m[INFO] 2021-07-29 20:40:21,484: cld C:\Users\Watch Dogs\Anaconda3\lib\site-packages\urllib3\response.py:97: size=54.0 KiB (+54.0 KiB), count=3 (+3), average=18.0 KiB)[0m
[38;21m[INFO] 2021-07-29 20:40:21,484: cld C:\Users\Watch Dogs\Anaconda3\lib\tracemalloc.py:472: size=38.3 KiB (+38.3 KiB), count=971 (+971), average=40 B)[0m
[38;21m[INFO] 2021-07-29 20:40:21,484: cld C:\Users\Watch Dogs\Anaconda3\lib\sre_compile.py:780: size=38.1 KiB (+38.1 KiB), count=86 (+86), average=454 B)[0m
[38;21m[INFO] 2021-07-29 20:40:21,912: cld C:\Users\Watch Dogs\Anaconda3\lib\site-packages\whois\__init__.py:84: size=857 KiB (+857 KiB), count=8069 (+8069), average=109 B)[0m
[38;21m[INFO] 2021-07-29 20:40:21,913: cld C:\Users\Watch Dogs\Anaconda3\lib\selectors.py:314: size=144 KiB (+144 KiB), count=3 (+3), average=48.0 KiB)[0m
[38;21m[INFO] 2021-07-29 20:40:21,913: cld C:\Users\Watch Dogs\Anaconda3\lib\csv.py:154: size=131 KiB (+131 KiB), count=16 (+16), average=8374 B)[0m
[38;21m[INFO] 2021-07-29 20:40:21,913: cld C:\Users\Watch Dogs\Anaconda3\lib\tracemalloc.py:111: size=75.5 KiB (+75.5 KiB), count=967 (+967), average=80 B)[0m
[38;21m[INFO] 2021-07-29 20:40:21,913: cld C:\Users\Watch Dogs\Anaconda3\lib\site-packages\urllib3\response.py:86: size=64.0 KiB (+64.0 KiB), count=2 (+2), average=32.0 KiB)[0m
[38;21m[INFO] 2021-07-29 20:40:21,913: cld C:\Users\Watch Dogs\Anaconda3\lib\tracemalloc.py:125: size=63.8 KiB (+63.8 KiB), count=907 (+907), average=72 B)[0m
[38;21m[INFO] 2021-07-29 20:40:21,913: cld C:\Users\Watch Dogs\Anaconda3\lib\site-packages\urllib3\response.py:97: size=54.0 KiB (+54.0 KiB), count=3 (+3), average=18.0 KiB)[0m
[38;21m[INFO] 2021-07-29 20:40:21,913: cld C:\Users\Watch Dogs\Anaconda3\lib\site-packages\requests\structures.py:51: size=49.9 KiB (+49.9 KiB), count=772 (+772), average=66 B)[0m
[38;21m[INFO] 2021-07-29 20:40:21,913: cld C:\Users\Watch Dogs\Anaconda3\lib\site-packages\requests\models.py:829: size=43.1 KiB (+43.1 KiB), count=1 (+1), average=43.1 KiB)[0m
[38;21m[INFO] 2021-07-29 20:40:21,914: cld C:\Users\Watch Dogs\Anaconda3\lib\sre_compile.py:780: size=40.0 KiB (+40.0 KiB), count=89 (+89), average=460 B)[0m
[38;21m[INFO] 2021-07-29 20:40:22,034: cld C:\Users\Watch Dogs\Anaconda3\lib\site-packages\whois\__init__.py:84: size=857 KiB (+857 KiB), count=8069 (+8069), average=109 B)[0m
[38;21m[INFO] 2021-07-29 20:40:22,034: cld C:\Users\Watch Dogs\Anaconda3\lib\csv.py:154: size=131 KiB (+131 KiB), count=17 (+17), average=7892 B)[0m
[38;21m[INFO] 2021-07-29 20:40:22,035: cld C:\Users\Watch Dogs\Anaconda3\lib\tracemalloc.py:111: size=75.7 KiB (+75.7 KiB), count=969 (+969), average=80 B)[0m
[38;21m[INFO] 2021-07-29 20:40:22,035: cld C:\Users\Watch Dogs\Anaconda3\lib\tracemalloc.py:125: size=65.4 KiB (+65.4 KiB), count=930 (+930), average=72 B)[0m
[38;21m[INFO] 2021-07-29 20:40:22,035: cld C:\Users\Watch Dogs\Anaconda3\lib\site-packages\urllib3\response.py:86: size=64.0 KiB (+64.0 KiB), count=2 (+2), average=32.0 KiB)[0m
[38;21m[INFO] 2021-07-29 20:40:22,035: cld C:\Users\Watch Dogs\Anaconda3\lib\site-packages\urllib3\response.py:97: size=54.0 KiB (+54.0 KiB), count=3 (+3), average=18.0 KiB)[0m
[38;21m[INFO] 2021-07-29 20:40:22,035: cld C:\Users\Watch Dogs\Anaconda3\lib\tracemalloc.py:185: size=49.3 KiB (+49.3 KiB), count=1051 (+1051), average=48 B)[0m
[38;21m[INFO] 2021-07-29 20:40:22,035: cld C:\Users\Watch Dogs\Anaconda3\lib\site-packages\requests\models.py:829: size=43.1 KiB (+43.1 KiB), count=1 (+1), average=43.1 KiB)[0m
[38;21m[INFO] 2021-07-29 20:40:22,035: cld C:\Users\Watch Dogs\Anaconda3\lib\site-packages\requests\structures.py:51: size=41.3 KiB (+41.3 KiB), count=641 (+641), average=66 B)[0m
[38;21m[INFO] 2021-07-29 20:40:22,035: cld C:\Users\Watch Dogs\Anaconda3\lib\sre_compile.py:780: size=40.0 KiB (+40.0 KiB), count=89 (+89), average=460 B)[0m
[38;21m[INFO] 2021-07-29 20:40:22,554: cld C:\Users\Watch Dogs\Anaconda3\lib\site-packages\whois\__init__.py:84: size=857 KiB (+857 KiB), count=8069 (+8069), average=109 B)[0m
[38;21m[INFO] 2021-07-29 20:40:22,555: cld C:\Users\Watch Dogs\Anaconda3\lib\csv.py:154: size=131 KiB (+131 KiB), count=18 (+18), average=7469 B)[0m
[38;21m[INFO] 2021-07-29 20:40:22,555: cld C:\Users\Watch Dogs\Anaconda3\lib\tracemalloc.py:111: size=75.8 KiB (+75.8 KiB), count=970 (+970), average=80 B)[0m
[38;21m[INFO] 2021-07-29 20:40:22,555: cld C:\Users\Watch Dogs\Anaconda3\lib\site-packages\urllib3\response.py:86: size=64.0 KiB (+64.0 KiB), count=2 (+2), average=32.0 KiB)[0m
[38;21m[INFO] 2021-07-29 20:40:22,555: cld C:\Users\Watch Dogs\Anaconda3\lib\tracemalloc.py:125: size=63.4 KiB (+63.4 KiB), count=901 (+901), average=72 B)[0m
[38;21m[INFO] 2021-07-29 20:40:22,555: cld C:\Users\Watch Dogs\Anaconda3\lib\site-packages\urllib3\response.py:97: size=54.0 KiB (+54.0 KiB), count=3 (+3), average=18.0 KiB)[0m
[38;21m[INFO] 2021-07-29 20:40:22,555: cld C:\Users\Watch Dogs\Anaconda3\lib\sre_compile.py:780: size=40.0 KiB (+40.0 KiB), count=89 (+89), average=460 B)[0m
[38;21m[INFO] 2021-07-29 20:40:22,555: cld C:\Users\Watch Dogs\Anaconda3\lib\site-packages\requests\structures.py:51: size=36.0 KiB (+36.0 KiB), count=561 (+561), average=66 B)[0m
[38;21m[INFO] 2021-07-29 20:40:22,555: cld C:\Users\Watch Dogs\Anaconda3\lib\tracemalloc.py:472: size=35.7 KiB (+35.7 KiB), count=905 (+905), average=40 B)[0m
[38;21m[INFO] 2021-07-29 20:40:22,555: cld C:\Users\Watch Dogs\Anaconda3\lib\tracemalloc.py:532: size=30.5 KiB (+30.5 KiB), count=649 (+649), average=48 B)[0m
[38;21m[INFO] 2021-07-29 20:40:23,960: cld C:\Users\Watch Dogs\Anaconda3\lib\site-packages\whois\__init__.py:84: size=857 KiB (+857 KiB), count=8069 (+8069), average=109 B)[0m
[38;21m[INFO] 2021-07-29 20:40:23,960: cld C:\Users\Watch Dogs\Anaconda3\lib\csv.py:154: size=131 KiB (+131 KiB), count=19 (+19), average=7083 B)[0m
[38;21m[INFO] 2021-07-29 20:40:23,961: cld C:\Users\Watch Dogs\Anaconda3\lib\tracemalloc.py:111: size=75.8 KiB (+75.8 KiB), count=970 (+970), average=80 B)[0m
[38;21m[INFO] 2021-07-29 20:40:23,961: cld C:\Users\Watch Dogs\Anaconda3\lib\tracemalloc.py:125: size=63.5 KiB (+63.5 KiB), count=903 (+903), average=72 B)[0m
[38;21m[INFO] 2021-07-29 20:40:23,961: cld C:\Users\Watch Dogs\Anaconda3\lib\sre_compile.py:780: size=40.0 KiB (+40.0 KiB), count=89 (+89), average=460 B)[0m
[38;21m[INFO] 2021-07-29 20:40:23,961: cld C:\Users\Watch Dogs\Anaconda3\lib\tracemalloc.py:472: size=35.9 KiB (+35.9 KiB), count=908 (+908), average=40 B)[0m
[38;21m[INFO] 2021-07-29 20:40:23,961: cld C:\Users\Watch Dogs\Anaconda3\lib\tracemalloc.py:185: size=33.2 KiB (+33.2 KiB), count=708 (+708), average=48 B)[0m
[38;21m[INFO] 2021-07-29 20:40:23,962: cld C:\Users\Watch Dogs\Anaconda3\lib\site-packages\urllib3\response.py:97: size=33.1 KiB (+33.1 KiB), count=2 (+2), average=16.6 KiB)[0m
[38;21m[INFO] 2021-07-29 20:40:23,962: cld C:\Users\Watch Dogs\Anaconda3\lib\site-packages\requests\structures.py:51: size=32.8 KiB (+32.8 KiB), count=512 (+512), average=66 B)[0m
[38;21m[INFO] 2021-07-29 20:40:23,962: cld C:\Users\Watch Dogs\Anaconda3\lib\site-packages\urllib3\response.py:86: size=32.0 KiB (+32.0 KiB), count=1 (+1), average=32.0 KiB)[0m
[38;21m[INFO] 2021-07-29 20:40:25,502: cld C:\Users\Watch Dogs\Anaconda3\lib\site-packages\whois\__init__.py:84: size=857 KiB (+857 KiB), count=8069 (+8069), average=109 B)[0m
[38;21m[INFO] 2021-07-29 20:40:25,502: cld C:\Users\Watch Dogs\Anaconda3\lib\csv.py:154: size=132 KiB (+132 KiB), count=20 (+20), average=6740 B)[0m
[38;21m[INFO] 2021-07-29 20:40:25,502: cld C:\Users\Watch Dogs\Anaconda3\lib\tracemalloc.py:111: size=69.7 KiB (+69.7 KiB), count=892 (+892), average=80 B)[0m
[38;21m[INFO] 2021-07-29 20:40:25,502: cld C:\Users\Watch Dogs\Anaconda3\lib\tracemalloc.py:125: size=63.1 KiB (+63.1 KiB), count=897 (+897), average=72 B)[0m
[38;21m[INFO] 2021-07-29 20:40:25,502: cld C:\Users\Watch Dogs\Anaconda3\lib\tracemalloc.py:185: size=46.4 KiB (+46.4 KiB), count=990 (+990), average=48 B)[0m
[38;21m[INFO] 2021-07-29 20:40:25,503: cld C:\Users\Watch Dogs\Anaconda3\lib\sre_compile.py:780: size=40.0 KiB (+40.0 KiB), count=89 (+89), average=460 B)[0m
[38;21m[INFO] 2021-07-29 20:40:25,503: cld C:\Users\Watch Dogs\Anaconda3\lib\tracemalloc.py:472: size=35.5 KiB (+35.5 KiB), count=900 (+900), average=40 B)[0m
[38;21m[INFO] 2021-07-29 20:40:25,503: cld <frozen importlib._bootstrap_external>:580: size=28.0 KiB (+28.0 KiB), count=348 (+348), average=82 B)[0m
[38;21m[INFO] 2021-07-29 20:40:25,503: cld C:\Users\Watch Dogs\Anaconda3\lib\threading.py:354: size=17.0 KiB (+17.0 KiB), count=33 (+33), average=528 B)[0m
[38;21m[INFO] 2021-07-29 20:40:25,503: cld C:\Users\Watch Dogs\Anaconda3\lib\threading.py:244: size=15.2 KiB (+15.2 KiB), count=81 (+81), average=192 B)[0m
